<?xml version="1.0" encoding="UTF-8"?>
<!-- Generated by org.testng.reporters.JUnitReportReporter -->
<testsuite hostname="LAPTOP-47KEHV7J" failures="0" tests="1" name="VtigerPackage001.CreateDocuments" time="50.678" errors="0" timestamp="2025-09-21T16:24:36 IST" skipped="0">
  <testcase classname="VtigerPackage001.CreateDocuments" name="testDocument" time="50.678"/>
  <system-out/>
</testsuite> <!-- VtigerPackage001.CreateDocuments -->
