<?xml version="1.0" encoding="UTF-8"?>
<!-- Generated by org.testng.reporters.JUnitReportReporter -->
<testsuite hostname="LAPTOP-47KEHV7J" failures="0" tests="1" name="VtigerPackage001.CreateProduct" time="10.828" errors="0" timestamp="2025-08-16T12:04:39 IST" skipped="0">
  <testcase classname="VtigerPackage001.CreateProduct" name="testProduct" time="10.828"/>
  <system-out/>
</testsuite> <!-- VtigerPackage001.CreateProduct -->
