<?xml version="1.0" encoding="UTF-8"?>
<!-- Generated by org.testng.reporters.JUnitReportReporter -->
<testsuite hostname="LAPTOP-47KEHV7J" failures="0" tests="1" name="VtigerPackage001.CreateOrgnization" time="18.290" errors="0" timestamp="2025-08-15T23:46:23 IST" skipped="0">
  <testcase classname="VtigerPackage001.CreateOrgnization" name="logintoApp" time="18.290"/>
  <system-out/>
</testsuite> <!-- VtigerPackage001.CreateOrgnization -->
