<?xml version="1.0" encoding="UTF-8"?>
<!-- Generated by org.testng.reporters.JUnitReportReporter -->
<testsuite hostname="LAPTOP-47KEHV7J" failures="0" tests="4" name="ApplicationLaunchTesting.DataDrivenTestingTest" time="0.020" errors="0" timestamp="2025-08-17T22:47:44 IST" skipped="0">
  <testcase classname="ApplicationLaunchTesting.DataDrivenTestingTest" name="BookTicket" time="0.002"/>
  <system-out/>
  <testcase classname="ApplicationLaunchTesting.DataDrivenTestingTest" name="BookTicket" time="0.013"/>
  <system-out/>
  <testcase classname="ApplicationLaunchTesting.DataDrivenTestingTest" name="BookTicket" time="0.002"/>
  <system-out/>
  <testcase classname="ApplicationLaunchTesting.DataDrivenTestingTest" name="BookTicket" time="0.003"/>
  <system-out/>
</testsuite> <!-- ApplicationLaunchTesting.DataDrivenTestingTest -->
