<?xml version="1.0" encoding="UTF-8"?>
<!-- Generated by org.testng.reporters.JUnitReportReporter -->
<testsuite hostname="LAPTOP-47KEHV7J" failures="0" tests="1" name="VtigerPackage001.Create_DashBoard" time="11.685" errors="0" timestamp="2025-08-16T17:04:21 IST" skipped="0">
  <testcase classname="VtigerPackage001.Create_DashBoard" name="dashboardTest" time="11.685"/>
  <system-out/>
</testsuite> <!-- VtigerPackage001.Create_DashBoard -->
