<?xml version="1.0" encoding="UTF-8"?>
<!-- Generated by org.testng.reporters.JUnitReportReporter -->
<testsuite hostname="LAPTOP-47KEHV7J" failures="0" tests="1" name="ApplicationLaunchTesting.AssertionTest" time="3.217" errors="0" timestamp="2025-08-11T23:08:35 IST" skipped="0">
  <testcase classname="ApplicationLaunchTesting.AssertionTest" name="testAssertion" time="3.217"/>
  <system-out/>
</testsuite> <!-- ApplicationLaunchTesting.AssertionTest -->
