<?xml version="1.0" encoding="UTF-8"?>
<!-- Generated by org.testng.reporters.JUnitReportReporter -->
<testsuite hostname="LAPTOP-47KEHV7J" failures="0" tests="1" name="VtigerPackage001.Create_DashBoard" time="9.186" errors="0" timestamp="2025-09-16T21:39:10 IST" skipped="0">
  <testcase classname="VtigerPackage001.Create_DashBoard" name="dashboardTest" time="9.186"/>
  <system-out/>
</testsuite> <!-- VtigerPackage001.Create_DashBoard -->
